Sep 30, 2019 4:45:24 PM lk.ijse.dep.pos.AppInitializer start
SEVERE: null
java.lang.RuntimeException: java.lang.ClassNotFoundException: com.mysql.jdbc.Driver1
	at lk.ijse.dep.pos.db.DBConnection.<init>(DBConnection.java:59)
	at lk.ijse.dep.pos.db.DBConnection.getInstance(DBConnection.java:64)
	at lk.ijse.dep.pos.AppInitializer.start(AppInitializer.java:31)
	at com.sun.javafx.application.LauncherImpl.lambda$launchApplication1$161(LauncherImpl.java:863)
	at com.sun.javafx.application.PlatformImpl.lambda$runAndWait$174(PlatformImpl.java:326)
	at com.sun.javafx.application.PlatformImpl.lambda$null$172(PlatformImpl.java:295)
	at java.security.AccessController.doPrivileged(Native Method)
	at com.sun.javafx.application.PlatformImpl.lambda$runLater$173(PlatformImpl.java:294)
	at com.sun.glass.ui.InvokeLaterDispatcher$Future.run(InvokeLaterDispatcher.java:95)
	at com.sun.glass.ui.gtk.GtkApplication._runLoop(Native Method)
	at com.sun.glass.ui.gtk.GtkApplication.lambda$null$48(GtkApplication.java:139)
	at java.lang.Thread.run(Thread.java:748)
Caused by: java.lang.ClassNotFoundException: com.mysql.jdbc.Driver1
	at java.net.URLClassLoader.findClass(URLClassLoader.java:381)
	at java.lang.ClassLoader.loadClass(ClassLoader.java:424)
	at sun.misc.Launcher$AppClassLoader.loadClass(Launcher.java:349)
	at java.lang.ClassLoader.loadClass(ClassLoader.java:357)
	at java.lang.Class.forName0(Native Method)
	at java.lang.Class.forName(Class.java:264)
	at lk.ijse.dep.pos.db.DBConnection.<init>(DBConnection.java:12)
	... 11 more

Sep 30, 2019 5:13:37 PM lk.ijse.dep.pos.AppInitializer start
SEVERE: null
java.lang.RuntimeException: java.io.FileNotFoundException: resources/application1.properties (No such file or directory)
	at lk.ijse.dep.pos.db.DBConnection.<init>(DBConnection.java:69)
	at lk.ijse.dep.pos.db.DBConnection.getInstance(DBConnection.java:74)
	at lk.ijse.dep.pos.AppInitializer.start(AppInitializer.java:31)
	at com.sun.javafx.application.LauncherImpl.lambda$launchApplication1$161(LauncherImpl.java:863)
	at com.sun.javafx.application.PlatformImpl.lambda$runAndWait$174(PlatformImpl.java:326)
	at com.sun.javafx.application.PlatformImpl.lambda$null$172(PlatformImpl.java:295)
	at java.security.AccessController.doPrivileged(Native Method)
	at com.sun.javafx.application.PlatformImpl.lambda$runLater$173(PlatformImpl.java:294)
	at com.sun.glass.ui.InvokeLaterDispatcher$Future.run(InvokeLaterDispatcher.java:95)
	at com.sun.glass.ui.gtk.GtkApplication._runLoop(Native Method)
	at com.sun.glass.ui.gtk.GtkApplication.lambda$null$48(GtkApplication.java:139)
	at java.lang.Thread.run(Thread.java:748)
Caused by: java.io.FileNotFoundException: resources/application1.properties (No such file or directory)
	at java.io.FileInputStream.open0(Native Method)
	at java.io.FileInputStream.open(FileInputStream.java:195)
	at java.io.FileInputStream.<init>(FileInputStream.java:138)
	at lk.ijse.dep.pos.db.DBConnection.<init>(DBConnection.java:20)
	... 11 more

Sep 30, 2019 5:28:08 PM lk.ijse.dep.pos.AppInitializer start
SEVERE: null
java.lang.RuntimeException: com.mysql.jdbc.exceptions.jdbc4.CommunicationsException: Communications link failure

The last packet sent successfully to the server was 0 milliseconds ago. The driver has not received any packets from the server.
	at lk.ijse.dep.pos.db.DBConnection.<init>(DBConnection.java:88)
	at lk.ijse.dep.pos.db.DBConnection.getInstance(DBConnection.java:93)
	at lk.ijse.dep.pos.AppInitializer.start(AppInitializer.java:31)
	at com.sun.javafx.application.LauncherImpl.lambda$launchApplication1$161(LauncherImpl.java:863)
	at com.sun.javafx.application.PlatformImpl.lambda$runAndWait$174(PlatformImpl.java:326)
	at com.sun.javafx.application.PlatformImpl.lambda$null$172(PlatformImpl.java:295)
	at java.security.AccessController.doPrivileged(Native Method)
	at com.sun.javafx.application.PlatformImpl.lambda$runLater$173(PlatformImpl.java:294)
	at com.sun.glass.ui.InvokeLaterDispatcher$Future.run(InvokeLaterDispatcher.java:95)
	at com.sun.glass.ui.gtk.GtkApplication._runLoop(Native Method)
	at com.sun.glass.ui.gtk.GtkApplication.lambda$null$48(GtkApplication.java:139)
	at java.lang.Thread.run(Thread.java:748)
Caused by: com.mysql.jdbc.exceptions.jdbc4.CommunicationsException: Communications link failure

The last packet sent successfully to the server was 0 milliseconds ago. The driver has not received any packets from the server.
	at sun.reflect.NativeConstructorAccessorImpl.newInstance0(Native Method)
	at sun.reflect.NativeConstructorAccessorImpl.newInstance(NativeConstructorAccessorImpl.java:62)
	at sun.reflect.DelegatingConstructorAccessorImpl.newInstance(DelegatingConstructorAccessorImpl.java:45)
	at java.lang.reflect.Constructor.newInstance(Constructor.java:423)
	at com.mysql.jdbc.Util.handleNewInstance(Util.java:425)
	at com.mysql.jdbc.SQLError.createCommunicationsException(SQLError.java:990)
	at com.mysql.jdbc.MysqlIO.<init>(MysqlIO.java:335)
	at com.mysql.jdbc.ConnectionImpl.coreConnect(ConnectionImpl.java:2187)
	at com.mysql.jdbc.ConnectionImpl.connectOneTryOnly(ConnectionImpl.java:2220)
	at com.mysql.jdbc.ConnectionImpl.createNewIO(ConnectionImpl.java:2015)
	at com.mysql.jdbc.ConnectionImpl.<init>(ConnectionImpl.java:768)
	at com.mysql.jdbc.JDBC4Connection.<init>(JDBC4Connection.java:47)
	at sun.reflect.NativeConstructorAccessorImpl.newInstance0(Native Method)
	at sun.reflect.NativeConstructorAccessorImpl.newInstance(NativeConstructorAccessorImpl.java:62)
	at sun.reflect.DelegatingConstructorAccessorImpl.newInstance(DelegatingConstructorAccessorImpl.java:45)
	at java.lang.reflect.Constructor.newInstance(Constructor.java:423)
	at com.mysql.jdbc.Util.handleNewInstance(Util.java:425)
	at com.mysql.jdbc.ConnectionImpl.getInstance(ConnectionImpl.java:385)
	at com.mysql.jdbc.NonRegisteringDriver.connect(NonRegisteringDriver.java:323)
	at java.sql.DriverManager.getConnection(DriverManager.java:664)
	at java.sql.DriverManager.getConnection(DriverManager.java:247)
	at lk.ijse.dep.pos.db.DBConnection.<init>(DBConnection.java:42)
	... 11 more
Caused by: java.net.UnknownHostException: localhost1: Name or service not known
	at java.net.Inet6AddressImpl.lookupAllHostAddr(Native Method)
	at java.net.InetAddress$2.lookupAllHostAddr(InetAddress.java:928)
	at java.net.InetAddress.getAddressesFromNameService(InetAddress.java:1323)
	at java.net.InetAddress.getAllByName0(InetAddress.java:1276)
	at java.net.InetAddress.getAllByName(InetAddress.java:1192)
	at java.net.InetAddress.getAllByName(InetAddress.java:1126)
	at com.mysql.jdbc.StandardSocketFactory.connect(StandardSocketFactory.java:188)
	at com.mysql.jdbc.MysqlIO.<init>(MysqlIO.java:299)
	... 26 more

Sep 30, 2019 5:28:29 PM lk.ijse.dep.pos.AppInitializer start
SEVERE: null
java.lang.RuntimeException: java.sql.SQLException: Access denied for user 'root'@'localhost' (using password: YES)
	at lk.ijse.dep.pos.db.DBConnection.<init>(DBConnection.java:88)
	at lk.ijse.dep.pos.db.DBConnection.getInstance(DBConnection.java:93)
	at lk.ijse.dep.pos.AppInitializer.start(AppInitializer.java:31)
	at com.sun.javafx.application.LauncherImpl.lambda$launchApplication1$161(LauncherImpl.java:863)
	at com.sun.javafx.application.PlatformImpl.lambda$runAndWait$174(PlatformImpl.java:326)
	at com.sun.javafx.application.PlatformImpl.lambda$null$172(PlatformImpl.java:295)
	at java.security.AccessController.doPrivileged(Native Method)
	at com.sun.javafx.application.PlatformImpl.lambda$runLater$173(PlatformImpl.java:294)
	at com.sun.glass.ui.InvokeLaterDispatcher$Future.run(InvokeLaterDispatcher.java:95)
	at com.sun.glass.ui.gtk.GtkApplication._runLoop(Native Method)
	at com.sun.glass.ui.gtk.GtkApplication.lambda$null$48(GtkApplication.java:139)
	at java.lang.Thread.run(Thread.java:748)
Caused by: java.sql.SQLException: Access denied for user 'root'@'localhost' (using password: YES)
	at com.mysql.jdbc.SQLError.createSQLException(SQLError.java:965)
	at com.mysql.jdbc.MysqlIO.checkErrorPacket(MysqlIO.java:3933)
	at com.mysql.jdbc.MysqlIO.checkErrorPacket(MysqlIO.java:3869)
	at com.mysql.jdbc.MysqlIO.checkErrorPacket(MysqlIO.java:864)
	at com.mysql.jdbc.MysqlIO.proceedHandshakeWithPluggableAuthentication(MysqlIO.java:1707)
	at com.mysql.jdbc.MysqlIO.doHandshake(MysqlIO.java:1217)
	at com.mysql.jdbc.ConnectionImpl.coreConnect(ConnectionImpl.java:2189)
	at com.mysql.jdbc.ConnectionImpl.connectOneTryOnly(ConnectionImpl.java:2220)
	at com.mysql.jdbc.ConnectionImpl.createNewIO(ConnectionImpl.java:2015)
	at com.mysql.jdbc.ConnectionImpl.<init>(ConnectionImpl.java:768)
	at com.mysql.jdbc.JDBC4Connection.<init>(JDBC4Connection.java:47)
	at sun.reflect.NativeConstructorAccessorImpl.newInstance0(Native Method)
	at sun.reflect.NativeConstructorAccessorImpl.newInstance(NativeConstructorAccessorImpl.java:62)
	at sun.reflect.DelegatingConstructorAccessorImpl.newInstance(DelegatingConstructorAccessorImpl.java:45)
	at java.lang.reflect.Constructor.newInstance(Constructor.java:423)
	at com.mysql.jdbc.Util.handleNewInstance(Util.java:425)
	at com.mysql.jdbc.ConnectionImpl.getInstance(ConnectionImpl.java:385)
	at com.mysql.jdbc.NonRegisteringDriver.connect(NonRegisteringDriver.java:323)
	at java.sql.DriverManager.getConnection(DriverManager.java:664)
	at java.sql.DriverManager.getConnection(DriverManager.java:247)
	at lk.ijse.dep.pos.db.DBConnection.<init>(DBConnection.java:42)
	... 11 more

Oct 01, 2019 2:44:18 PM lk.ijse.dep.pos.AppInitializer start
SEVERE: null
java.lang.RuntimeException: java.sql.SQLException: Access denied for user 'MzIxdG9vcg=='@'localhost' (using password: YES)
	at lk.ijse.dep.pos.db.DBConnection.<init>(DBConnection.java:92)
	at lk.ijse.dep.pos.db.DBConnection.getInstance(DBConnection.java:97)
	at lk.ijse.dep.pos.AppInitializer.start(AppInitializer.java:31)
	at com.sun.javafx.application.LauncherImpl.lambda$launchApplication1$161(LauncherImpl.java:863)
	at com.sun.javafx.application.PlatformImpl.lambda$runAndWait$174(PlatformImpl.java:326)
	at com.sun.javafx.application.PlatformImpl.lambda$null$172(PlatformImpl.java:295)
	at java.security.AccessController.doPrivileged(Native Method)
	at com.sun.javafx.application.PlatformImpl.lambda$runLater$173(PlatformImpl.java:294)
	at com.sun.glass.ui.InvokeLaterDispatcher$Future.run(InvokeLaterDispatcher.java:95)
	at com.sun.glass.ui.gtk.GtkApplication._runLoop(Native Method)
	at com.sun.glass.ui.gtk.GtkApplication.lambda$null$48(GtkApplication.java:139)
	at java.lang.Thread.run(Thread.java:748)
Caused by: java.sql.SQLException: Access denied for user 'MzIxdG9vcg=='@'localhost' (using password: YES)
	at com.mysql.jdbc.SQLError.createSQLException(SQLError.java:965)
	at com.mysql.jdbc.MysqlIO.checkErrorPacket(MysqlIO.java:3933)
	at com.mysql.jdbc.MysqlIO.checkErrorPacket(MysqlIO.java:3869)
	at com.mysql.jdbc.MysqlIO.checkErrorPacket(MysqlIO.java:864)
	at com.mysql.jdbc.MysqlIO.proceedHandshakeWithPluggableAuthentication(MysqlIO.java:1707)
	at com.mysql.jdbc.MysqlIO.doHandshake(MysqlIO.java:1217)
	at com.mysql.jdbc.ConnectionImpl.coreConnect(ConnectionImpl.java:2189)
	at com.mysql.jdbc.ConnectionImpl.connectOneTryOnly(ConnectionImpl.java:2220)
	at com.mysql.jdbc.ConnectionImpl.createNewIO(ConnectionImpl.java:2015)
	at com.mysql.jdbc.ConnectionImpl.<init>(ConnectionImpl.java:768)
	at com.mysql.jdbc.JDBC4Connection.<init>(JDBC4Connection.java:47)
	at sun.reflect.NativeConstructorAccessorImpl.newInstance0(Native Method)
	at sun.reflect.NativeConstructorAccessorImpl.newInstance(NativeConstructorAccessorImpl.java:62)
	at sun.reflect.DelegatingConstructorAccessorImpl.newInstance(DelegatingConstructorAccessorImpl.java:45)
	at java.lang.reflect.Constructor.newInstance(Constructor.java:423)
	at com.mysql.jdbc.Util.handleNewInstance(Util.java:425)
	at com.mysql.jdbc.ConnectionImpl.getInstance(ConnectionImpl.java:385)
	at com.mysql.jdbc.NonRegisteringDriver.connect(NonRegisteringDriver.java:323)
	at java.sql.DriverManager.getConnection(DriverManager.java:664)
	at java.sql.DriverManager.getConnection(DriverManager.java:247)
	at lk.ijse.dep.pos.db.DBConnection.<init>(DBConnection.java:46)
	... 11 more

Oct 01, 2019 2:46:43 PM lk.ijse.dep.pos.AppInitializer start
SEVERE: null
java.lang.RuntimeException: java.lang.RuntimeException: Invalid key
	at lk.ijse.dep.pos.db.DBConnection.<init>(DBConnection.java:94)
	at lk.ijse.dep.pos.db.DBConnection.getInstance(DBConnection.java:99)
	at lk.ijse.dep.pos.AppInitializer.start(AppInitializer.java:31)
	at com.sun.javafx.application.LauncherImpl.lambda$launchApplication1$161(LauncherImpl.java:863)
	at com.sun.javafx.application.PlatformImpl.lambda$runAndWait$174(PlatformImpl.java:326)
	at com.sun.javafx.application.PlatformImpl.lambda$null$172(PlatformImpl.java:295)
	at java.security.AccessController.doPrivileged(Native Method)
	at com.sun.javafx.application.PlatformImpl.lambda$runLater$173(PlatformImpl.java:294)
	at com.sun.glass.ui.InvokeLaterDispatcher$Future.run(InvokeLaterDispatcher.java:95)
	at com.sun.glass.ui.gtk.GtkApplication._runLoop(Native Method)
	at com.sun.glass.ui.gtk.GtkApplication.lambda$null$48(GtkApplication.java:139)
	at java.lang.Thread.run(Thread.java:748)
Caused by: java.lang.RuntimeException: Invalid key
	at lk.ijse.dep.crypto.DEPCrypt.decode(DEPCrypt.java:21)
	at lk.ijse.dep.pos.db.DBConnection.<init>(DBConnection.java:32)
	... 11 more

Oct 02, 2019 5:39:13 PM javafx.fxml.FXMLLoader$ValueElement processValue
WARNING: Loading FXML document with JavaFX API of version 8.0.171 by JavaFX runtime of version 8.0.71
Oct 02, 2019 5:39:49 PM javafx.fxml.FXMLLoader$ValueElement processValue
WARNING: Loading FXML document with JavaFX API of version 8.0.171 by JavaFX runtime of version 8.0.71
Oct 02, 2019 5:39:52 PM javafx.fxml.FXMLLoader$ValueElement processValue
WARNING: Loading FXML document with JavaFX API of version 8.0.171 by JavaFX runtime of version 8.0.71
Oct 02, 2019 5:39:53 PM javafx.fxml.FXMLLoader$ValueElement processValue
WARNING: Loading FXML document with JavaFX API of version 8.0.171 by JavaFX runtime of version 8.0.71
Oct 02, 2019 5:39:55 PM javafx.fxml.FXMLLoader$ValueElement processValue
WARNING: Loading FXML document with JavaFX API of version 8.0.171 by JavaFX runtime of version 8.0.71
Oct 02, 2019 5:39:56 PM javafx.fxml.FXMLLoader$ValueElement processValue
WARNING: Loading FXML document with JavaFX API of version 8.0.171 by JavaFX runtime of version 8.0.71
Oct 02, 2019 5:39:58 PM javafx.fxml.FXMLLoader$ValueElement processValue
WARNING: Loading FXML document with JavaFX API of version 8.0.171 by JavaFX runtime of version 8.0.71
Oct 02, 2019 5:39:59 PM javafx.fxml.FXMLLoader$ValueElement processValue
WARNING: Loading FXML document with JavaFX API of version 8.0.171 by JavaFX runtime of version 8.0.71
Oct 03, 2019 9:30:33 AM javafx.fxml.FXMLLoader$ValueElement processValue
WARNING: Loading FXML document with JavaFX API of version 8.0.171 by JavaFX runtime of version 8.0.71
Oct 03, 2019 9:35:00 AM javafx.fxml.FXMLLoader$ValueElement processValue
WARNING: Loading FXML document with JavaFX API of version 8.0.171 by JavaFX runtime of version 8.0.71
Oct 03, 2019 9:35:02 AM javafx.fxml.FXMLLoader$ValueElement processValue
WARNING: Loading FXML document with JavaFX API of version 8.0.171 by JavaFX runtime of version 8.0.71
Oct 03, 2019 9:51:31 AM javafx.fxml.FXMLLoader$ValueElement processValue
WARNING: Loading FXML document with JavaFX API of version 8.0.171 by JavaFX runtime of version 8.0.71
Oct 03, 2019 9:51:35 AM javafx.fxml.FXMLLoader$ValueElement processValue
WARNING: Loading FXML document with JavaFX API of version 8.0.171 by JavaFX runtime of version 8.0.71
Oct 03, 2019 9:53:12 AM javafx.fxml.FXMLLoader$ValueElement processValue
WARNING: Loading FXML document with JavaFX API of version 8.0.171 by JavaFX runtime of version 8.0.71
Oct 03, 2019 9:53:14 AM javafx.fxml.FXMLLoader$ValueElement processValue
WARNING: Loading FXML document with JavaFX API of version 8.0.171 by JavaFX runtime of version 8.0.71
Oct 03, 2019 9:53:16 AM javafx.fxml.FXMLLoader$ValueElement processValue
WARNING: Loading FXML document with JavaFX API of version 8.0.171 by JavaFX runtime of version 8.0.71
Oct 03, 2019 9:53:18 AM javafx.fxml.FXMLLoader$ValueElement processValue
WARNING: Loading FXML document with JavaFX API of version 8.0.171 by JavaFX runtime of version 8.0.71
Oct 03, 2019 9:53:20 AM javafx.fxml.FXMLLoader$ValueElement processValue
WARNING: Loading FXML document with JavaFX API of version 8.0.171 by JavaFX runtime of version 8.0.71
Oct 03, 2019 9:53:21 AM javafx.fxml.FXMLLoader$ValueElement processValue
WARNING: Loading FXML document with JavaFX API of version 8.0.171 by JavaFX runtime of version 8.0.71
Oct 03, 2019 9:53:23 AM javafx.fxml.FXMLLoader$ValueElement processValue
WARNING: Loading FXML document with JavaFX API of version 8.0.171 by JavaFX runtime of version 8.0.71
Oct 03, 2019 9:53:25 AM javafx.fxml.FXMLLoader$ValueElement processValue
WARNING: Loading FXML document with JavaFX API of version 8.0.171 by JavaFX runtime of version 8.0.71
Oct 03, 2019 3:13:56 PM javafx.fxml.FXMLLoader$ValueElement processValue
WARNING: Loading FXML document with JavaFX API of version 8.0.171 by JavaFX runtime of version 8.0.71
Oct 03, 2019 3:31:23 PM javafx.fxml.FXMLLoader$ValueElement processValue
WARNING: Loading FXML document with JavaFX API of version 8.0.171 by JavaFX runtime of version 8.0.71
Oct 03, 2019 3:38:30 PM javafx.fxml.FXMLLoader$ValueElement processValue
WARNING: Loading FXML document with JavaFX API of version 8.0.171 by JavaFX runtime of version 8.0.71
Oct 05, 2019 12:07:22 AM javafx.fxml.FXMLLoader$ValueElement processValue
WARNING: Loading FXML document with JavaFX API of version 8.0.171 by JavaFX runtime of version 8.0.71
Oct 05, 2019 12:08:20 PM javafx.fxml.FXMLLoader$ValueElement processValue
WARNING: Loading FXML document with JavaFX API of version 8.0.171 by JavaFX runtime of version 8.0.71
Oct 05, 2019 12:08:23 PM javafx.fxml.FXMLLoader$ValueElement processValue
WARNING: Loading FXML document with JavaFX API of version 8.0.171 by JavaFX runtime of version 8.0.71
Oct 05, 2019 12:08:40 PM javafx.fxml.FXMLLoader$ValueElement processValue
WARNING: Loading FXML document with JavaFX API of version 8.0.171 by JavaFX runtime of version 8.0.71
Oct 05, 2019 12:08:42 PM javafx.fxml.FXMLLoader$ValueElement processValue
WARNING: Loading FXML document with JavaFX API of version 8.0.171 by JavaFX runtime of version 8.0.71
Oct 05, 2019 7:44:15 PM javafx.fxml.FXMLLoader$ValueElement processValue
WARNING: Loading FXML document with JavaFX API of version 8.0.171 by JavaFX runtime of version 8.0.71
Oct 06, 2019 9:02:13 AM javafx.fxml.FXMLLoader$ValueElement processValue
WARNING: Loading FXML document with JavaFX API of version 8.0.171 by JavaFX runtime of version 8.0.71
Oct 06, 2019 9:02:17 AM javafx.fxml.FXMLLoader$ValueElement processValue
WARNING: Loading FXML document with JavaFX API of version 8.0.171 by JavaFX runtime of version 8.0.71
Oct 06, 2019 9:02:34 AM javafx.fxml.FXMLLoader$ValueElement processValue
WARNING: Loading FXML document with JavaFX API of version 8.0.171 by JavaFX runtime of version 8.0.71
Oct 06, 2019 9:02:35 AM javafx.fxml.FXMLLoader$ValueElement processValue
WARNING: Loading FXML document with JavaFX API of version 8.0.171 by JavaFX runtime of version 8.0.71
Oct 06, 2019 9:03:06 AM javafx.fxml.FXMLLoader$ValueElement processValue
WARNING: Loading FXML document with JavaFX API of version 8.0.171 by JavaFX runtime of version 8.0.71
Oct 06, 2019 9:03:08 AM javafx.fxml.FXMLLoader$ValueElement processValue
WARNING: Loading FXML document with JavaFX API of version 8.0.171 by JavaFX runtime of version 8.0.71
Oct 06, 2019 9:03:27 AM org.springframework.beans.factory.xml.XmlBeanDefinitionReader loadBeanDefinitions
INFO: Loading XML bean definitions from URL [jar:file:/C:/Users/acer/Desktop/layered-pos-2/lib/jasperreports-chart-themes-6.9.0.jar!/net/sf/jasperreports/chartthemes/spring/beans/chartThemesBeans.xml]
Oct 06, 2019 9:03:28 AM org.springframework.beans.factory.xml.XmlBeanDefinitionReader loadBeanDefinitions
INFO: Loading XML bean definitions from URL [jar:file:/C:/Users/acer/Desktop/layered-pos-2/lib/jasperreports-chart-themes-6.9.0.jar!/net/sf/jasperreports/chartthemes/spring/beans/chartConstantsBean.xml]
Oct 06, 2019 9:03:28 AM org.springframework.beans.factory.xml.XmlBeanDefinitionReader loadBeanDefinitions
INFO: Loading XML bean definitions from URL [jar:file:/C:/Users/acer/Desktop/layered-pos-2/lib/jasperreports-chart-themes-6.9.0.jar!/net/sf/jasperreports/chartthemes/spring/beans/defaultChartPropertiesBean.xml]
Oct 06, 2019 9:03:28 AM org.springframework.beans.factory.xml.XmlBeanDefinitionReader loadBeanDefinitions
INFO: Loading XML bean definitions from URL [jar:file:/C:/Users/acer/Desktop/layered-pos-2/lib/jasperreports-chart-themes-6.9.0.jar!/net/sf/jasperreports/chartthemes/spring/beans/eyeCandySixtiesChartPropertiesBean.xml]
Oct 06, 2019 9:03:28 AM org.springframework.beans.factory.xml.XmlBeanDefinitionReader loadBeanDefinitions
INFO: Loading XML bean definitions from URL [jar:file:/C:/Users/acer/Desktop/layered-pos-2/lib/jasperreports-chart-themes-6.9.0.jar!/net/sf/jasperreports/chartthemes/spring/beans/aegeanChartPropertiesBean.xml]
Oct 06, 2019 9:03:28 AM net.sf.jasperreports.extensions.DefaultExtensionsRegistry loadRegistries
WARNING: Extension resource jar:file:/C:/Users/acer/Desktop/layered-pos-2/lib/jasperreports-javaflow-6.9.0.jar!/jasperreports_extension.properties was found to be a duplicate of jar:file:/C:/Users/acer/Desktop/layered-pos-2/lib/jasperreports-6.9.0.jar!/jasperreports_extension.properties in classloader sun.misc.Launcher$AppClassLoader@14dad5dc
Oct 06, 2019 9:03:28 AM lk.ijse.dep.pos.controller.PlaceOrderFormController btnPlaceOrder_OnAction
SEVERE: null
net.sf.jasperreports.engine.JRException: Byte data not found at: images/orders.png.
	at net.sf.jasperreports.repo.RepositoryUtil.getBytesFromLocation(RepositoryUtil.java:215)
	at net.sf.jasperreports.renderers.util.RendererUtil.getNonLazyRenderable(RendererUtil.java:179)
	at net.sf.jasperreports.engine.fill.JRFillImage.evaluateImage(JRFillImage.java:515)
	at net.sf.jasperreports.engine.fill.JRFillImage.evaluate(JRFillImage.java:440)
	at net.sf.jasperreports.engine.fill.JRFillElementContainer.evaluate(JRFillElementContainer.java:383)
	at net.sf.jasperreports.engine.fill.JRFillBand.evaluate(JRFillBand.java:548)
	at net.sf.jasperreports.engine.fill.JRVerticalFiller.fillTitle(JRVerticalFiller.java:323)
	at net.sf.jasperreports.engine.fill.JRVerticalFiller.fillReportStart(JRVerticalFiller.java:256)
	at net.sf.jasperreports.engine.fill.JRVerticalFiller.fillReport(JRVerticalFiller.java:110)
	at net.sf.jasperreports.engine.fill.JRBaseFiller.fill(JRBaseFiller.java:615)
	at net.sf.jasperreports.engine.fill.BaseReportFiller.fill(BaseReportFiller.java:414)
	at net.sf.jasperreports.engine.fill.JRFiller.fill(JRFiller.java:120)
	at net.sf.jasperreports.engine.fill.JRFiller.fill(JRFiller.java:103)
	at net.sf.jasperreports.engine.JasperFillManager.fill(JasperFillManager.java:530)
	at net.sf.jasperreports.engine.JasperFillManager.fillReport(JasperFillManager.java:954)
	at lk.ijse.dep.pos.controller.PlaceOrderFormController.btnPlaceOrder_OnAction(PlaceOrderFormController.java:347)
	at sun.reflect.NativeMethodAccessorImpl.invoke0(Native Method)
	at sun.reflect.NativeMethodAccessorImpl.invoke(NativeMethodAccessorImpl.java:62)
	at sun.reflect.DelegatingMethodAccessorImpl.invoke(DelegatingMethodAccessorImpl.java:43)
	at java.lang.reflect.Method.invoke(Method.java:497)
	at sun.reflect.misc.Trampoline.invoke(MethodUtil.java:71)
	at sun.reflect.GeneratedMethodAccessor1.invoke(Unknown Source)
	at sun.reflect.DelegatingMethodAccessorImpl.invoke(DelegatingMethodAccessorImpl.java:43)
	at java.lang.reflect.Method.invoke(Method.java:497)
	at sun.reflect.misc.MethodUtil.invoke(MethodUtil.java:275)
	at javafx.fxml.FXMLLoader$MethodHandler.invoke(FXMLLoader.java:1769)
	at javafx.fxml.FXMLLoader$ControllerMethodEventHandler.handle(FXMLLoader.java:1657)
	at com.sun.javafx.event.CompositeEventHandler.dispatchBubblingEvent(CompositeEventHandler.java:86)
	at com.sun.javafx.event.EventHandlerManager.dispatchBubblingEvent(EventHandlerManager.java:238)
	at com.sun.javafx.event.EventHandlerManager.dispatchBubblingEvent(EventHandlerManager.java:191)
	at com.sun.javafx.event.CompositeEventDispatcher.dispatchBubblingEvent(CompositeEventDispatcher.java:59)
	at com.sun.javafx.event.BasicEventDispatcher.dispatchEvent(BasicEventDispatcher.java:58)
	at com.sun.javafx.event.EventDispatchChainImpl.dispatchEvent(EventDispatchChainImpl.java:114)
	at com.sun.javafx.event.BasicEventDispatcher.dispatchEvent(BasicEventDispatcher.java:56)
	at com.sun.javafx.event.EventDispatchChainImpl.dispatchEvent(EventDispatchChainImpl.java:114)
	at com.sun.javafx.event.BasicEventDispatcher.dispatchEvent(BasicEventDispatcher.java:56)
	at com.sun.javafx.event.EventDispatchChainImpl.dispatchEvent(EventDispatchChainImpl.java:114)
	at com.sun.javafx.event.EventUtil.fireEventImpl(EventUtil.java:74)
	at com.sun.javafx.event.EventUtil.fireEvent(EventUtil.java:49)
	at javafx.event.Event.fireEvent(Event.java:198)
	at javafx.scene.Node.fireEvent(Node.java:8411)
	at javafx.scene.control.Button.fire(Button.java:185)
	at com.sun.javafx.scene.control.behavior.ButtonBehavior.mouseReleased(ButtonBehavior.java:182)
	at com.sun.javafx.scene.control.skin.BehaviorSkinBase$1.handle(BehaviorSkinBase.java:96)
	at com.sun.javafx.scene.control.skin.BehaviorSkinBase$1.handle(BehaviorSkinBase.java:89)
	at com.sun.javafx.event.CompositeEventHandler$NormalEventHandlerRecord.handleBubblingEvent(CompositeEventHandler.java:218)
	at com.sun.javafx.event.CompositeEventHandler.dispatchBubblingEvent(CompositeEventHandler.java:80)
	at com.sun.javafx.event.EventHandlerManager.dispatchBubblingEvent(EventHandlerManager.java:238)
	at com.sun.javafx.event.EventHandlerManager.dispatchBubblingEvent(EventHandlerManager.java:191)
	at com.sun.javafx.event.CompositeEventDispatcher.dispatchBubblingEvent(CompositeEventDispatcher.java:59)
	at com.sun.javafx.event.BasicEventDispatcher.dispatchEvent(BasicEventDispatcher.java:58)
	at com.sun.javafx.event.EventDispatchChainImpl.dispatchEvent(EventDispatchChainImpl.java:114)
	at com.sun.javafx.event.BasicEventDispatcher.dispatchEvent(BasicEventDispatcher.java:56)
	at com.sun.javafx.event.EventDispatchChainImpl.dispatchEvent(EventDispatchChainImpl.java:114)
	at com.sun.javafx.event.BasicEventDispatcher.dispatchEvent(BasicEventDispatcher.java:56)
	at com.sun.javafx.event.EventDispatchChainImpl.dispatchEvent(EventDispatchChainImpl.java:114)
	at com.sun.javafx.event.EventUtil.fireEventImpl(EventUtil.java:74)
	at com.sun.javafx.event.EventUtil.fireEvent(EventUtil.java:54)
	at javafx.event.Event.fireEvent(Event.java:198)
	at javafx.scene.Scene$MouseHandler.process(Scene.java:3757)
	at javafx.scene.Scene$MouseHandler.access$1500(Scene.java:3485)
	at javafx.scene.Scene.impl_processMouseEvent(Scene.java:1762)
	at javafx.scene.Scene$ScenePeerListener.mouseEvent(Scene.java:2494)
	at com.sun.javafx.tk.quantum.GlassViewEventHandler$MouseEventNotification.run(GlassViewEventHandler.java:352)
	at com.sun.javafx.tk.quantum.GlassViewEventHandler$MouseEventNotification.run(GlassViewEventHandler.java:275)
	at java.security.AccessController.doPrivileged(Native Method)
	at com.sun.javafx.tk.quantum.GlassViewEventHandler.lambda$handleMouseEvent$354(GlassViewEventHandler.java:388)
	at com.sun.javafx.tk.quantum.QuantumToolkit.runWithoutRenderLock(QuantumToolkit.java:389)
	at com.sun.javafx.tk.quantum.GlassViewEventHandler.handleMouseEvent(GlassViewEventHandler.java:387)
	at com.sun.glass.ui.View.handleMouseEvent(View.java:555)
	at com.sun.glass.ui.View.notifyMouse(View.java:937)
	at com.sun.glass.ui.win.WinApplication._runLoop(Native Method)
	at com.sun.glass.ui.win.WinApplication.lambda$null$148(WinApplication.java:191)
	at java.lang.Thread.run(Thread.java:745)

Oct 06, 2019 9:03:35 AM javafx.fxml.FXMLLoader$ValueElement processValue
WARNING: Loading FXML document with JavaFX API of version 8.0.171 by JavaFX runtime of version 8.0.71
Oct 06, 2019 9:03:38 AM javafx.fxml.FXMLLoader$ValueElement processValue
WARNING: Loading FXML document with JavaFX API of version 8.0.171 by JavaFX runtime of version 8.0.71
Oct 06, 2019 9:04:03 AM javafx.fxml.FXMLLoader$ValueElement processValue
WARNING: Loading FXML document with JavaFX API of version 8.0.171 by JavaFX runtime of version 8.0.71
Oct 06, 2019 9:04:07 AM javafx.fxml.FXMLLoader$ValueElement processValue
WARNING: Loading FXML document with JavaFX API of version 8.0.171 by JavaFX runtime of version 8.0.71
Oct 06, 2019 9:04:47 AM javafx.fxml.FXMLLoader$ValueElement processValue
WARNING: Loading FXML document with JavaFX API of version 8.0.171 by JavaFX runtime of version 8.0.71
Oct 06, 2019 9:04:49 AM javafx.fxml.FXMLLoader$ValueElement processValue
WARNING: Loading FXML document with JavaFX API of version 8.0.171 by JavaFX runtime of version 8.0.71
Oct 06, 2019 9:05:16 AM org.springframework.beans.factory.xml.XmlBeanDefinitionReader loadBeanDefinitions
INFO: Loading XML bean definitions from URL [jar:file:/C:/Users/acer/Desktop/layered-pos-2/lib/jasperreports-chart-themes-6.9.0.jar!/net/sf/jasperreports/chartthemes/spring/beans/chartThemesBeans.xml]
Oct 06, 2019 9:05:16 AM org.springframework.beans.factory.xml.XmlBeanDefinitionReader loadBeanDefinitions
INFO: Loading XML bean definitions from URL [jar:file:/C:/Users/acer/Desktop/layered-pos-2/lib/jasperreports-chart-themes-6.9.0.jar!/net/sf/jasperreports/chartthemes/spring/beans/chartConstantsBean.xml]
Oct 06, 2019 9:05:16 AM org.springframework.beans.factory.xml.XmlBeanDefinitionReader loadBeanDefinitions
INFO: Loading XML bean definitions from URL [jar:file:/C:/Users/acer/Desktop/layered-pos-2/lib/jasperreports-chart-themes-6.9.0.jar!/net/sf/jasperreports/chartthemes/spring/beans/defaultChartPropertiesBean.xml]
Oct 06, 2019 9:05:16 AM org.springframework.beans.factory.xml.XmlBeanDefinitionReader loadBeanDefinitions
INFO: Loading XML bean definitions from URL [jar:file:/C:/Users/acer/Desktop/layered-pos-2/lib/jasperreports-chart-themes-6.9.0.jar!/net/sf/jasperreports/chartthemes/spring/beans/eyeCandySixtiesChartPropertiesBean.xml]
Oct 06, 2019 9:05:16 AM org.springframework.beans.factory.xml.XmlBeanDefinitionReader loadBeanDefinitions
INFO: Loading XML bean definitions from URL [jar:file:/C:/Users/acer/Desktop/layered-pos-2/lib/jasperreports-chart-themes-6.9.0.jar!/net/sf/jasperreports/chartthemes/spring/beans/aegeanChartPropertiesBean.xml]
Oct 06, 2019 9:05:16 AM net.sf.jasperreports.extensions.DefaultExtensionsRegistry loadRegistries
WARNING: Extension resource jar:file:/C:/Users/acer/Desktop/layered-pos-2/lib/jasperreports-javaflow-6.9.0.jar!/jasperreports_extension.properties was found to be a duplicate of jar:file:/C:/Users/acer/Desktop/layered-pos-2/lib/jasperreports-6.9.0.jar!/jasperreports_extension.properties in classloader sun.misc.Launcher$AppClassLoader@14dad5dc
Oct 06, 2019 9:05:17 AM lk.ijse.dep.pos.controller.PlaceOrderFormController btnPlaceOrder_OnAction
SEVERE: null
net.sf.jasperreports.engine.JRException: Byte data not found at: images/orders.png.
	at net.sf.jasperreports.repo.RepositoryUtil.getBytesFromLocation(RepositoryUtil.java:215)
	at net.sf.jasperreports.renderers.util.RendererUtil.getNonLazyRenderable(RendererUtil.java:179)
	at net.sf.jasperreports.engine.fill.JRFillImage.evaluateImage(JRFillImage.java:515)
	at net.sf.jasperreports.engine.fill.JRFillImage.evaluate(JRFillImage.java:440)
	at net.sf.jasperreports.engine.fill.JRFillElementContainer.evaluate(JRFillElementContainer.java:383)
	at net.sf.jasperreports.engine.fill.JRFillBand.evaluate(JRFillBand.java:548)
	at net.sf.jasperreports.engine.fill.JRVerticalFiller.fillTitle(JRVerticalFiller.java:323)
	at net.sf.jasperreports.engine.fill.JRVerticalFiller.fillReportStart(JRVerticalFiller.java:256)
	at net.sf.jasperreports.engine.fill.JRVerticalFiller.fillReport(JRVerticalFiller.java:110)
	at net.sf.jasperreports.engine.fill.JRBaseFiller.fill(JRBaseFiller.java:615)
	at net.sf.jasperreports.engine.fill.BaseReportFiller.fill(BaseReportFiller.java:414)
	at net.sf.jasperreports.engine.fill.JRFiller.fill(JRFiller.java:120)
	at net.sf.jasperreports.engine.fill.JRFiller.fill(JRFiller.java:103)
	at net.sf.jasperreports.engine.JasperFillManager.fill(JasperFillManager.java:530)
	at net.sf.jasperreports.engine.JasperFillManager.fillReport(JasperFillManager.java:954)
	at lk.ijse.dep.pos.controller.PlaceOrderFormController.btnPlaceOrder_OnAction(PlaceOrderFormController.java:347)
	at sun.reflect.NativeMethodAccessorImpl.invoke0(Native Method)
	at sun.reflect.NativeMethodAccessorImpl.invoke(NativeMethodAccessorImpl.java:62)
	at sun.reflect.DelegatingMethodAccessorImpl.invoke(DelegatingMethodAccessorImpl.java:43)
	at java.lang.reflect.Method.invoke(Method.java:497)
	at sun.reflect.misc.Trampoline.invoke(MethodUtil.java:71)
	at sun.reflect.GeneratedMethodAccessor1.invoke(Unknown Source)
	at sun.reflect.DelegatingMethodAccessorImpl.invoke(DelegatingMethodAccessorImpl.java:43)
	at java.lang.reflect.Method.invoke(Method.java:497)
	at sun.reflect.misc.MethodUtil.invoke(MethodUtil.java:275)
	at javafx.fxml.FXMLLoader$MethodHandler.invoke(FXMLLoader.java:1769)
	at javafx.fxml.FXMLLoader$ControllerMethodEventHandler.handle(FXMLLoader.java:1657)
	at com.sun.javafx.event.CompositeEventHandler.dispatchBubblingEvent(CompositeEventHandler.java:86)
	at com.sun.javafx.event.EventHandlerManager.dispatchBubblingEvent(EventHandlerManager.java:238)
	at com.sun.javafx.event.EventHandlerManager.dispatchBubblingEvent(EventHandlerManager.java:191)
	at com.sun.javafx.event.CompositeEventDispatcher.dispatchBubblingEvent(CompositeEventDispatcher.java:59)
	at com.sun.javafx.event.BasicEventDispatcher.dispatchEvent(BasicEventDispatcher.java:58)
	at com.sun.javafx.event.EventDispatchChainImpl.dispatchEvent(EventDispatchChainImpl.java:114)
	at com.sun.javafx.event.BasicEventDispatcher.dispatchEvent(BasicEventDispatcher.java:56)
	at com.sun.javafx.event.EventDispatchChainImpl.dispatchEvent(EventDispatchChainImpl.java:114)
	at com.sun.javafx.event.BasicEventDispatcher.dispatchEvent(BasicEventDispatcher.java:56)
	at com.sun.javafx.event.EventDispatchChainImpl.dispatchEvent(EventDispatchChainImpl.java:114)
	at com.sun.javafx.event.EventUtil.fireEventImpl(EventUtil.java:74)
	at com.sun.javafx.event.EventUtil.fireEvent(EventUtil.java:49)
	at javafx.event.Event.fireEvent(Event.java:198)
	at javafx.scene.Node.fireEvent(Node.java:8411)
	at javafx.scene.control.Button.fire(Button.java:185)
	at com.sun.javafx.scene.control.behavior.ButtonBehavior.mouseReleased(ButtonBehavior.java:182)
	at com.sun.javafx.scene.control.skin.BehaviorSkinBase$1.handle(BehaviorSkinBase.java:96)
	at com.sun.javafx.scene.control.skin.BehaviorSkinBase$1.handle(BehaviorSkinBase.java:89)
	at com.sun.javafx.event.CompositeEventHandler$NormalEventHandlerRecord.handleBubblingEvent(CompositeEventHandler.java:218)
	at com.sun.javafx.event.CompositeEventHandler.dispatchBubblingEvent(CompositeEventHandler.java:80)
	at com.sun.javafx.event.EventHandlerManager.dispatchBubblingEvent(EventHandlerManager.java:238)
	at com.sun.javafx.event.EventHandlerManager.dispatchBubblingEvent(EventHandlerManager.java:191)
	at com.sun.javafx.event.CompositeEventDispatcher.dispatchBubblingEvent(CompositeEventDispatcher.java:59)
	at com.sun.javafx.event.BasicEventDispatcher.dispatchEvent(BasicEventDispatcher.java:58)
	at com.sun.javafx.event.EventDispatchChainImpl.dispatchEvent(EventDispatchChainImpl.java:114)
	at com.sun.javafx.event.BasicEventDispatcher.dispatchEvent(BasicEventDispatcher.java:56)
	at com.sun.javafx.event.EventDispatchChainImpl.dispatchEvent(EventDispatchChainImpl.java:114)
	at com.sun.javafx.event.BasicEventDispatcher.dispatchEvent(BasicEventDispatcher.java:56)
	at com.sun.javafx.event.EventDispatchChainImpl.dispatchEvent(EventDispatchChainImpl.java:114)
	at com.sun.javafx.event.EventUtil.fireEventImpl(EventUtil.java:74)
	at com.sun.javafx.event.EventUtil.fireEvent(EventUtil.java:54)
	at javafx.event.Event.fireEvent(Event.java:198)
	at javafx.scene.Scene$MouseHandler.process(Scene.java:3757)
	at javafx.scene.Scene$MouseHandler.access$1500(Scene.java:3485)
	at javafx.scene.Scene.impl_processMouseEvent(Scene.java:1762)
	at javafx.scene.Scene$ScenePeerListener.mouseEvent(Scene.java:2494)
	at com.sun.javafx.tk.quantum.GlassViewEventHandler$MouseEventNotification.run(GlassViewEventHandler.java:352)
	at com.sun.javafx.tk.quantum.GlassViewEventHandler$MouseEventNotification.run(GlassViewEventHandler.java:275)
	at java.security.AccessController.doPrivileged(Native Method)
	at com.sun.javafx.tk.quantum.GlassViewEventHandler.lambda$handleMouseEvent$354(GlassViewEventHandler.java:388)
	at com.sun.javafx.tk.quantum.QuantumToolkit.runWithoutRenderLock(QuantumToolkit.java:389)
	at com.sun.javafx.tk.quantum.GlassViewEventHandler.handleMouseEvent(GlassViewEventHandler.java:387)
	at com.sun.glass.ui.View.handleMouseEvent(View.java:555)
	at com.sun.glass.ui.View.notifyMouse(View.java:937)
	at com.sun.glass.ui.win.WinApplication._runLoop(Native Method)
	at com.sun.glass.ui.win.WinApplication.lambda$null$148(WinApplication.java:191)
	at java.lang.Thread.run(Thread.java:745)

Oct 06, 2019 9:05:28 AM lk.ijse.dep.pos.controller.PlaceOrderFormController btnPlaceOrder_OnAction
SEVERE: null
net.sf.jasperreports.engine.JRException: Byte data not found at: images/orders.png.
	at net.sf.jasperreports.repo.RepositoryUtil.getBytesFromLocation(RepositoryUtil.java:215)
	at net.sf.jasperreports.renderers.util.RendererUtil.getNonLazyRenderable(RendererUtil.java:179)
	at net.sf.jasperreports.engine.fill.JRFillImage.evaluateImage(JRFillImage.java:515)
	at net.sf.jasperreports.engine.fill.JRFillImage.evaluate(JRFillImage.java:440)
	at net.sf.jasperreports.engine.fill.JRFillElementContainer.evaluate(JRFillElementContainer.java:383)
	at net.sf.jasperreports.engine.fill.JRFillBand.evaluate(JRFillBand.java:548)
	at net.sf.jasperreports.engine.fill.JRVerticalFiller.fillTitle(JRVerticalFiller.java:323)
	at net.sf.jasperreports.engine.fill.JRVerticalFiller.fillReportStart(JRVerticalFiller.java:256)
	at net.sf.jasperreports.engine.fill.JRVerticalFiller.fillReport(JRVerticalFiller.java:110)
	at net.sf.jasperreports.engine.fill.JRBaseFiller.fill(JRBaseFiller.java:615)
	at net.sf.jasperreports.engine.fill.BaseReportFiller.fill(BaseReportFiller.java:414)
	at net.sf.jasperreports.engine.fill.JRFiller.fill(JRFiller.java:120)
	at net.sf.jasperreports.engine.fill.JRFiller.fill(JRFiller.java:103)
	at net.sf.jasperreports.engine.JasperFillManager.fill(JasperFillManager.java:530)
	at net.sf.jasperreports.engine.JasperFillManager.fillReport(JasperFillManager.java:954)
	at lk.ijse.dep.pos.controller.PlaceOrderFormController.btnPlaceOrder_OnAction(PlaceOrderFormController.java:347)
	at sun.reflect.NativeMethodAccessorImpl.invoke0(Native Method)
	at sun.reflect.NativeMethodAccessorImpl.invoke(NativeMethodAccessorImpl.java:62)
	at sun.reflect.DelegatingMethodAccessorImpl.invoke(DelegatingMethodAccessorImpl.java:43)
	at java.lang.reflect.Method.invoke(Method.java:497)
	at sun.reflect.misc.Trampoline.invoke(MethodUtil.java:71)
	at sun.reflect.GeneratedMethodAccessor1.invoke(Unknown Source)
	at sun.reflect.DelegatingMethodAccessorImpl.invoke(DelegatingMethodAccessorImpl.java:43)
	at java.lang.reflect.Method.invoke(Method.java:497)
	at sun.reflect.misc.MethodUtil.invoke(MethodUtil.java:275)
	at javafx.fxml.FXMLLoader$MethodHandler.invoke(FXMLLoader.java:1769)
	at javafx.fxml.FXMLLoader$ControllerMethodEventHandler.handle(FXMLLoader.java:1657)
	at com.sun.javafx.event.CompositeEventHandler.dispatchBubblingEvent(CompositeEventHandler.java:86)
	at com.sun.javafx.event.EventHandlerManager.dispatchBubblingEvent(EventHandlerManager.java:238)
	at com.sun.javafx.event.EventHandlerManager.dispatchBubblingEvent(EventHandlerManager.java:191)
	at com.sun.javafx.event.CompositeEventDispatcher.dispatchBubblingEvent(CompositeEventDispatcher.java:59)
	at com.sun.javafx.event.BasicEventDispatcher.dispatchEvent(BasicEventDispatcher.java:58)
	at com.sun.javafx.event.EventDispatchChainImpl.dispatchEvent(EventDispatchChainImpl.java:114)
	at com.sun.javafx.event.BasicEventDispatcher.dispatchEvent(BasicEventDispatcher.java:56)
	at com.sun.javafx.event.EventDispatchChainImpl.dispatchEvent(EventDispatchChainImpl.java:114)
	at com.sun.javafx.event.BasicEventDispatcher.dispatchEvent(BasicEventDispatcher.java:56)
	at com.sun.javafx.event.EventDispatchChainImpl.dispatchEvent(EventDispatchChainImpl.java:114)
	at com.sun.javafx.event.EventUtil.fireEventImpl(EventUtil.java:74)
	at com.sun.javafx.event.EventUtil.fireEvent(EventUtil.java:49)
	at javafx.event.Event.fireEvent(Event.java:198)
	at javafx.scene.Node.fireEvent(Node.java:8411)
	at javafx.scene.control.Button.fire(Button.java:185)
	at com.sun.javafx.scene.control.behavior.ButtonBehavior.mouseReleased(ButtonBehavior.java:182)
	at com.sun.javafx.scene.control.skin.BehaviorSkinBase$1.handle(BehaviorSkinBase.java:96)
	at com.sun.javafx.scene.control.skin.BehaviorSkinBase$1.handle(BehaviorSkinBase.java:89)
	at com.sun.javafx.event.CompositeEventHandler$NormalEventHandlerRecord.handleBubblingEvent(CompositeEventHandler.java:218)
	at com.sun.javafx.event.CompositeEventHandler.dispatchBubblingEvent(CompositeEventHandler.java:80)
	at com.sun.javafx.event.EventHandlerManager.dispatchBubblingEvent(EventHandlerManager.java:238)
	at com.sun.javafx.event.EventHandlerManager.dispatchBubblingEvent(EventHandlerManager.java:191)
	at com.sun.javafx.event.CompositeEventDispatcher.dispatchBubblingEvent(CompositeEventDispatcher.java:59)
	at com.sun.javafx.event.BasicEventDispatcher.dispatchEvent(BasicEventDispatcher.java:58)
	at com.sun.javafx.event.EventDispatchChainImpl.dispatchEvent(EventDispatchChainImpl.java:114)
	at com.sun.javafx.event.BasicEventDispatcher.dispatchEvent(BasicEventDispatcher.java:56)
	at com.sun.javafx.event.EventDispatchChainImpl.dispatchEvent(EventDispatchChainImpl.java:114)
	at com.sun.javafx.event.BasicEventDispatcher.dispatchEvent(BasicEventDispatcher.java:56)
	at com.sun.javafx.event.EventDispatchChainImpl.dispatchEvent(EventDispatchChainImpl.java:114)
	at com.sun.javafx.event.EventUtil.fireEventImpl(EventUtil.java:74)
	at com.sun.javafx.event.EventUtil.fireEvent(EventUtil.java:54)
	at javafx.event.Event.fireEvent(Event.java:198)
	at javafx.scene.Scene$MouseHandler.process(Scene.java:3757)
	at javafx.scene.Scene$MouseHandler.access$1500(Scene.java:3485)
	at javafx.scene.Scene.impl_processMouseEvent(Scene.java:1762)
	at javafx.scene.Scene$ScenePeerListener.mouseEvent(Scene.java:2494)
	at com.sun.javafx.tk.quantum.GlassViewEventHandler$MouseEventNotification.run(GlassViewEventHandler.java:352)
	at com.sun.javafx.tk.quantum.GlassViewEventHandler$MouseEventNotification.run(GlassViewEventHandler.java:275)
	at java.security.AccessController.doPrivileged(Native Method)
	at com.sun.javafx.tk.quantum.GlassViewEventHandler.lambda$handleMouseEvent$354(GlassViewEventHandler.java:388)
	at com.sun.javafx.tk.quantum.QuantumToolkit.runWithoutRenderLock(QuantumToolkit.java:389)
	at com.sun.javafx.tk.quantum.GlassViewEventHandler.handleMouseEvent(GlassViewEventHandler.java:387)
	at com.sun.glass.ui.View.handleMouseEvent(View.java:555)
	at com.sun.glass.ui.View.notifyMouse(View.java:937)
	at com.sun.glass.ui.win.WinApplication._runLoop(Native Method)
	at com.sun.glass.ui.win.WinApplication.lambda$null$148(WinApplication.java:191)
	at java.lang.Thread.run(Thread.java:745)

Oct 06, 2019 9:05:32 AM javafx.fxml.FXMLLoader$ValueElement processValue
WARNING: Loading FXML document with JavaFX API of version 8.0.171 by JavaFX runtime of version 8.0.71
Oct 06, 2019 9:05:33 AM javafx.fxml.FXMLLoader$ValueElement processValue
WARNING: Loading FXML document with JavaFX API of version 8.0.171 by JavaFX runtime of version 8.0.71
Oct 06, 2019 11:57:18 AM javafx.fxml.FXMLLoader$ValueElement processValue
WARNING: Loading FXML document with JavaFX API of version 8.0.171 by JavaFX runtime of version 8.0.71
Oct 06, 2019 11:57:20 AM javafx.fxml.FXMLLoader$ValueElement processValue
WARNING: Loading FXML document with JavaFX API of version 8.0.171 by JavaFX runtime of version 8.0.71
Oct 07, 2019 9:52:47 AM javafx.fxml.FXMLLoader$ValueElement processValue
WARNING: Loading FXML document with JavaFX API of version 8.0.171 by JavaFX runtime of version 8.0.71
Oct 07, 2019 9:52:51 AM javafx.fxml.FXMLLoader$ValueElement processValue
WARNING: Loading FXML document with JavaFX API of version 8.0.171 by JavaFX runtime of version 8.0.71
Oct 07, 2019 9:53:13 AM org.springframework.beans.factory.xml.XmlBeanDefinitionReader loadBeanDefinitions
INFO: Loading XML bean definitions from URL [jar:file:/C:/Users/acer/Desktop/layered-pos-2/lib/jasperreports-chart-themes-6.9.0.jar!/net/sf/jasperreports/chartthemes/spring/beans/chartThemesBeans.xml]
Oct 07, 2019 9:53:13 AM org.springframework.beans.factory.xml.XmlBeanDefinitionReader loadBeanDefinitions
INFO: Loading XML bean definitions from URL [jar:file:/C:/Users/acer/Desktop/layered-pos-2/lib/jasperreports-chart-themes-6.9.0.jar!/net/sf/jasperreports/chartthemes/spring/beans/chartConstantsBean.xml]
Oct 07, 2019 9:53:13 AM org.springframework.beans.factory.xml.XmlBeanDefinitionReader loadBeanDefinitions
INFO: Loading XML bean definitions from URL [jar:file:/C:/Users/acer/Desktop/layered-pos-2/lib/jasperreports-chart-themes-6.9.0.jar!/net/sf/jasperreports/chartthemes/spring/beans/defaultChartPropertiesBean.xml]
Oct 07, 2019 9:53:13 AM org.springframework.beans.factory.xml.XmlBeanDefinitionReader loadBeanDefinitions
INFO: Loading XML bean definitions from URL [jar:file:/C:/Users/acer/Desktop/layered-pos-2/lib/jasperreports-chart-themes-6.9.0.jar!/net/sf/jasperreports/chartthemes/spring/beans/eyeCandySixtiesChartPropertiesBean.xml]
Oct 07, 2019 9:53:13 AM org.springframework.beans.factory.xml.XmlBeanDefinitionReader loadBeanDefinitions
INFO: Loading XML bean definitions from URL [jar:file:/C:/Users/acer/Desktop/layered-pos-2/lib/jasperreports-chart-themes-6.9.0.jar!/net/sf/jasperreports/chartthemes/spring/beans/aegeanChartPropertiesBean.xml]
Oct 07, 2019 9:53:13 AM net.sf.jasperreports.extensions.DefaultExtensionsRegistry loadRegistries
WARNING: Extension resource jar:file:/C:/Users/acer/Desktop/layered-pos-2/lib/jasperreports-javaflow-6.9.0.jar!/jasperreports_extension.properties was found to be a duplicate of jar:file:/C:/Users/acer/Desktop/layered-pos-2/lib/jasperreports-6.9.0.jar!/jasperreports_extension.properties in classloader sun.misc.Launcher$AppClassLoader@14dad5dc
Oct 07, 2019 9:53:14 AM lk.ijse.dep.pos.controller.PlaceOrderFormController btnPlaceOrder_OnAction
SEVERE: null
net.sf.jasperreports.engine.JRException: Byte data not found at: images/orders.png.
	at net.sf.jasperreports.repo.RepositoryUtil.getBytesFromLocation(RepositoryUtil.java:215)
	at net.sf.jasperreports.renderers.util.RendererUtil.getNonLazyRenderable(RendererUtil.java:179)
	at net.sf.jasperreports.engine.fill.JRFillImage.evaluateImage(JRFillImage.java:515)
	at net.sf.jasperreports.engine.fill.JRFillImage.evaluate(JRFillImage.java:440)
	at net.sf.jasperreports.engine.fill.JRFillElementContainer.evaluate(JRFillElementContainer.java:383)
	at net.sf.jasperreports.engine.fill.JRFillBand.evaluate(JRFillBand.java:548)
	at net.sf.jasperreports.engine.fill.JRVerticalFiller.fillTitle(JRVerticalFiller.java:323)
	at net.sf.jasperreports.engine.fill.JRVerticalFiller.fillReportStart(JRVerticalFiller.java:256)
	at net.sf.jasperreports.engine.fill.JRVerticalFiller.fillReport(JRVerticalFiller.java:110)
	at net.sf.jasperreports.engine.fill.JRBaseFiller.fill(JRBaseFiller.java:615)
	at net.sf.jasperreports.engine.fill.BaseReportFiller.fill(BaseReportFiller.java:414)
	at net.sf.jasperreports.engine.fill.JRFiller.fill(JRFiller.java:120)
	at net.sf.jasperreports.engine.fill.JRFiller.fill(JRFiller.java:103)
	at net.sf.jasperreports.engine.JasperFillManager.fill(JasperFillManager.java:530)
	at net.sf.jasperreports.engine.JasperFillManager.fillReport(JasperFillManager.java:954)
	at lk.ijse.dep.pos.controller.PlaceOrderFormController.btnPlaceOrder_OnAction(PlaceOrderFormController.java:347)
	at sun.reflect.NativeMethodAccessorImpl.invoke0(Native Method)
	at sun.reflect.NativeMethodAccessorImpl.invoke(NativeMethodAccessorImpl.java:62)
	at sun.reflect.DelegatingMethodAccessorImpl.invoke(DelegatingMethodAccessorImpl.java:43)
	at java.lang.reflect.Method.invoke(Method.java:497)
	at sun.reflect.misc.Trampoline.invoke(MethodUtil.java:71)
	at sun.reflect.GeneratedMethodAccessor1.invoke(Unknown Source)
	at sun.reflect.DelegatingMethodAccessorImpl.invoke(DelegatingMethodAccessorImpl.java:43)
	at java.lang.reflect.Method.invoke(Method.java:497)
	at sun.reflect.misc.MethodUtil.invoke(MethodUtil.java:275)
	at javafx.fxml.FXMLLoader$MethodHandler.invoke(FXMLLoader.java:1769)
	at javafx.fxml.FXMLLoader$ControllerMethodEventHandler.handle(FXMLLoader.java:1657)
	at com.sun.javafx.event.CompositeEventHandler.dispatchBubblingEvent(CompositeEventHandler.java:86)
	at com.sun.javafx.event.EventHandlerManager.dispatchBubblingEvent(EventHandlerManager.java:238)
	at com.sun.javafx.event.EventHandlerManager.dispatchBubblingEvent(EventHandlerManager.java:191)
	at com.sun.javafx.event.CompositeEventDispatcher.dispatchBubblingEvent(CompositeEventDispatcher.java:59)
	at com.sun.javafx.event.BasicEventDispatcher.dispatchEvent(BasicEventDispatcher.java:58)
	at com.sun.javafx.event.EventDispatchChainImpl.dispatchEvent(EventDispatchChainImpl.java:114)
	at com.sun.javafx.event.BasicEventDispatcher.dispatchEvent(BasicEventDispatcher.java:56)
	at com.sun.javafx.event.EventDispatchChainImpl.dispatchEvent(EventDispatchChainImpl.java:114)
	at com.sun.javafx.event.BasicEventDispatcher.dispatchEvent(BasicEventDispatcher.java:56)
	at com.sun.javafx.event.EventDispatchChainImpl.dispatchEvent(EventDispatchChainImpl.java:114)
	at com.sun.javafx.event.EventUtil.fireEventImpl(EventUtil.java:74)
	at com.sun.javafx.event.EventUtil.fireEvent(EventUtil.java:49)
	at javafx.event.Event.fireEvent(Event.java:198)
	at javafx.scene.Node.fireEvent(Node.java:8411)
	at javafx.scene.control.Button.fire(Button.java:185)
	at com.sun.javafx.scene.control.behavior.ButtonBehavior.mouseReleased(ButtonBehavior.java:182)
	at com.sun.javafx.scene.control.skin.BehaviorSkinBase$1.handle(BehaviorSkinBase.java:96)
	at com.sun.javafx.scene.control.skin.BehaviorSkinBase$1.handle(BehaviorSkinBase.java:89)
	at com.sun.javafx.event.CompositeEventHandler$NormalEventHandlerRecord.handleBubblingEvent(CompositeEventHandler.java:218)
	at com.sun.javafx.event.CompositeEventHandler.dispatchBubblingEvent(CompositeEventHandler.java:80)
	at com.sun.javafx.event.EventHandlerManager.dispatchBubblingEvent(EventHandlerManager.java:238)
	at com.sun.javafx.event.EventHandlerManager.dispatchBubblingEvent(EventHandlerManager.java:191)
	at com.sun.javafx.event.CompositeEventDispatcher.dispatchBubblingEvent(CompositeEventDispatcher.java:59)
	at com.sun.javafx.event.BasicEventDispatcher.dispatchEvent(BasicEventDispatcher.java:58)
	at com.sun.javafx.event.EventDispatchChainImpl.dispatchEvent(EventDispatchChainImpl.java:114)
	at com.sun.javafx.event.BasicEventDispatcher.dispatchEvent(BasicEventDispatcher.java:56)
	at com.sun.javafx.event.EventDispatchChainImpl.dispatchEvent(EventDispatchChainImpl.java:114)
	at com.sun.javafx.event.BasicEventDispatcher.dispatchEvent(BasicEventDispatcher.java:56)
	at com.sun.javafx.event.EventDispatchChainImpl.dispatchEvent(EventDispatchChainImpl.java:114)
	at com.sun.javafx.event.EventUtil.fireEventImpl(EventUtil.java:74)
	at com.sun.javafx.event.EventUtil.fireEvent(EventUtil.java:54)
	at javafx.event.Event.fireEvent(Event.java:198)
	at javafx.scene.Scene$MouseHandler.process(Scene.java:3757)
	at javafx.scene.Scene$MouseHandler.access$1500(Scene.java:3485)
	at javafx.scene.Scene.impl_processMouseEvent(Scene.java:1762)
	at javafx.scene.Scene$ScenePeerListener.mouseEvent(Scene.java:2494)
	at com.sun.javafx.tk.quantum.GlassViewEventHandler$MouseEventNotification.run(GlassViewEventHandler.java:352)
	at com.sun.javafx.tk.quantum.GlassViewEventHandler$MouseEventNotification.run(GlassViewEventHandler.java:275)
	at java.security.AccessController.doPrivileged(Native Method)
	at com.sun.javafx.tk.quantum.GlassViewEventHandler.lambda$handleMouseEvent$354(GlassViewEventHandler.java:388)
	at com.sun.javafx.tk.quantum.QuantumToolkit.runWithoutRenderLock(QuantumToolkit.java:389)
	at com.sun.javafx.tk.quantum.GlassViewEventHandler.handleMouseEvent(GlassViewEventHandler.java:387)
	at com.sun.glass.ui.View.handleMouseEvent(View.java:555)
	at com.sun.glass.ui.View.notifyMouse(View.java:937)
	at com.sun.glass.ui.win.WinApplication._runLoop(Native Method)
	at com.sun.glass.ui.win.WinApplication.lambda$null$148(WinApplication.java:191)
	at java.lang.Thread.run(Thread.java:745)

Oct 07, 2019 9:53:26 AM lk.ijse.dep.pos.controller.PlaceOrderFormController btnPlaceOrder_OnAction
SEVERE: null
net.sf.jasperreports.engine.JRException: Byte data not found at: images/orders.png.
	at net.sf.jasperreports.repo.RepositoryUtil.getBytesFromLocation(RepositoryUtil.java:215)
	at net.sf.jasperreports.renderers.util.RendererUtil.getNonLazyRenderable(RendererUtil.java:179)
	at net.sf.jasperreports.engine.fill.JRFillImage.evaluateImage(JRFillImage.java:515)
	at net.sf.jasperreports.engine.fill.JRFillImage.evaluate(JRFillImage.java:440)
	at net.sf.jasperreports.engine.fill.JRFillElementContainer.evaluate(JRFillElementContainer.java:383)
	at net.sf.jasperreports.engine.fill.JRFillBand.evaluate(JRFillBand.java:548)
	at net.sf.jasperreports.engine.fill.JRVerticalFiller.fillTitle(JRVerticalFiller.java:323)
	at net.sf.jasperreports.engine.fill.JRVerticalFiller.fillReportStart(JRVerticalFiller.java:256)
	at net.sf.jasperreports.engine.fill.JRVerticalFiller.fillReport(JRVerticalFiller.java:110)
	at net.sf.jasperreports.engine.fill.JRBaseFiller.fill(JRBaseFiller.java:615)
	at net.sf.jasperreports.engine.fill.BaseReportFiller.fill(BaseReportFiller.java:414)
	at net.sf.jasperreports.engine.fill.JRFiller.fill(JRFiller.java:120)
	at net.sf.jasperreports.engine.fill.JRFiller.fill(JRFiller.java:103)
	at net.sf.jasperreports.engine.JasperFillManager.fill(JasperFillManager.java:530)
	at net.sf.jasperreports.engine.JasperFillManager.fillReport(JasperFillManager.java:954)
	at lk.ijse.dep.pos.controller.PlaceOrderFormController.btnPlaceOrder_OnAction(PlaceOrderFormController.java:347)
	at sun.reflect.NativeMethodAccessorImpl.invoke0(Native Method)
	at sun.reflect.NativeMethodAccessorImpl.invoke(NativeMethodAccessorImpl.java:62)
	at sun.reflect.DelegatingMethodAccessorImpl.invoke(DelegatingMethodAccessorImpl.java:43)
	at java.lang.reflect.Method.invoke(Method.java:497)
	at sun.reflect.misc.Trampoline.invoke(MethodUtil.java:71)
	at sun.reflect.GeneratedMethodAccessor1.invoke(Unknown Source)
	at sun.reflect.DelegatingMethodAccessorImpl.invoke(DelegatingMethodAccessorImpl.java:43)
	at java.lang.reflect.Method.invoke(Method.java:497)
	at sun.reflect.misc.MethodUtil.invoke(MethodUtil.java:275)
	at javafx.fxml.FXMLLoader$MethodHandler.invoke(FXMLLoader.java:1769)
	at javafx.fxml.FXMLLoader$ControllerMethodEventHandler.handle(FXMLLoader.java:1657)
	at com.sun.javafx.event.CompositeEventHandler.dispatchBubblingEvent(CompositeEventHandler.java:86)
	at com.sun.javafx.event.EventHandlerManager.dispatchBubblingEvent(EventHandlerManager.java:238)
	at com.sun.javafx.event.EventHandlerManager.dispatchBubblingEvent(EventHandlerManager.java:191)
	at com.sun.javafx.event.CompositeEventDispatcher.dispatchBubblingEvent(CompositeEventDispatcher.java:59)
	at com.sun.javafx.event.BasicEventDispatcher.dispatchEvent(BasicEventDispatcher.java:58)
	at com.sun.javafx.event.EventDispatchChainImpl.dispatchEvent(EventDispatchChainImpl.java:114)
	at com.sun.javafx.event.BasicEventDispatcher.dispatchEvent(BasicEventDispatcher.java:56)
	at com.sun.javafx.event.EventDispatchChainImpl.dispatchEvent(EventDispatchChainImpl.java:114)
	at com.sun.javafx.event.BasicEventDispatcher.dispatchEvent(BasicEventDispatcher.java:56)
	at com.sun.javafx.event.EventDispatchChainImpl.dispatchEvent(EventDispatchChainImpl.java:114)
	at com.sun.javafx.event.EventUtil.fireEventImpl(EventUtil.java:74)
	at com.sun.javafx.event.EventUtil.fireEvent(EventUtil.java:49)
	at javafx.event.Event.fireEvent(Event.java:198)
	at javafx.scene.Node.fireEvent(Node.java:8411)
	at javafx.scene.control.Button.fire(Button.java:185)
	at com.sun.javafx.scene.control.behavior.ButtonBehavior.mouseReleased(ButtonBehavior.java:182)
	at com.sun.javafx.scene.control.skin.BehaviorSkinBase$1.handle(BehaviorSkinBase.java:96)
	at com.sun.javafx.scene.control.skin.BehaviorSkinBase$1.handle(BehaviorSkinBase.java:89)
	at com.sun.javafx.event.CompositeEventHandler$NormalEventHandlerRecord.handleBubblingEvent(CompositeEventHandler.java:218)
	at com.sun.javafx.event.CompositeEventHandler.dispatchBubblingEvent(CompositeEventHandler.java:80)
	at com.sun.javafx.event.EventHandlerManager.dispatchBubblingEvent(EventHandlerManager.java:238)
	at com.sun.javafx.event.EventHandlerManager.dispatchBubblingEvent(EventHandlerManager.java:191)
	at com.sun.javafx.event.CompositeEventDispatcher.dispatchBubblingEvent(CompositeEventDispatcher.java:59)
	at com.sun.javafx.event.BasicEventDispatcher.dispatchEvent(BasicEventDispatcher.java:58)
	at com.sun.javafx.event.EventDispatchChainImpl.dispatchEvent(EventDispatchChainImpl.java:114)
	at com.sun.javafx.event.BasicEventDispatcher.dispatchEvent(BasicEventDispatcher.java:56)
	at com.sun.javafx.event.EventDispatchChainImpl.dispatchEvent(EventDispatchChainImpl.java:114)
	at com.sun.javafx.event.BasicEventDispatcher.dispatchEvent(BasicEventDispatcher.java:56)
	at com.sun.javafx.event.EventDispatchChainImpl.dispatchEvent(EventDispatchChainImpl.java:114)
	at com.sun.javafx.event.EventUtil.fireEventImpl(EventUtil.java:74)
	at com.sun.javafx.event.EventUtil.fireEvent(EventUtil.java:54)
	at javafx.event.Event.fireEvent(Event.java:198)
	at javafx.scene.Scene$MouseHandler.process(Scene.java:3757)
	at javafx.scene.Scene$MouseHandler.access$1500(Scene.java:3485)
	at javafx.scene.Scene.impl_processMouseEvent(Scene.java:1762)
	at javafx.scene.Scene$ScenePeerListener.mouseEvent(Scene.java:2494)
	at com.sun.javafx.tk.quantum.GlassViewEventHandler$MouseEventNotification.run(GlassViewEventHandler.java:352)
	at com.sun.javafx.tk.quantum.GlassViewEventHandler$MouseEventNotification.run(GlassViewEventHandler.java:275)
	at java.security.AccessController.doPrivileged(Native Method)
	at com.sun.javafx.tk.quantum.GlassViewEventHandler.lambda$handleMouseEvent$354(GlassViewEventHandler.java:388)
	at com.sun.javafx.tk.quantum.QuantumToolkit.runWithoutRenderLock(QuantumToolkit.java:389)
	at com.sun.javafx.tk.quantum.GlassViewEventHandler.handleMouseEvent(GlassViewEventHandler.java:387)
	at com.sun.glass.ui.View.handleMouseEvent(View.java:555)
	at com.sun.glass.ui.View.notifyMouse(View.java:937)
	at com.sun.glass.ui.win.WinApplication._runLoop(Native Method)
	at com.sun.glass.ui.win.WinApplication.lambda$null$148(WinApplication.java:191)
	at java.lang.Thread.run(Thread.java:745)

Oct 07, 2019 9:53:29 AM javafx.fxml.FXMLLoader$ValueElement processValue
WARNING: Loading FXML document with JavaFX API of version 8.0.171 by JavaFX runtime of version 8.0.71
Oct 07, 2019 9:53:31 AM javafx.fxml.FXMLLoader$ValueElement processValue
WARNING: Loading FXML document with JavaFX API of version 8.0.171 by JavaFX runtime of version 8.0.71
Oct 07, 2019 10:31:06 AM javafx.fxml.FXMLLoader$ValueElement processValue
WARNING: Loading FXML document with JavaFX API of version 8.0.171 by JavaFX runtime of version 8.0.71
Oct 07, 2019 10:31:10 AM javafx.fxml.FXMLLoader$ValueElement processValue
WARNING: Loading FXML document with JavaFX API of version 8.0.171 by JavaFX runtime of version 8.0.71
Oct 07, 2019 10:31:20 AM javafx.fxml.FXMLLoader$ValueElement processValue
WARNING: Loading FXML document with JavaFX API of version 8.0.171 by JavaFX runtime of version 8.0.71
Oct 07, 2019 10:31:22 AM javafx.fxml.FXMLLoader$ValueElement processValue
WARNING: Loading FXML document with JavaFX API of version 8.0.171 by JavaFX runtime of version 8.0.71
Oct 07, 2019 10:31:38 AM org.springframework.beans.factory.xml.XmlBeanDefinitionReader loadBeanDefinitions
INFO: Loading XML bean definitions from URL [jar:file:/C:/Users/acer/Desktop/layered-pos-2/lib/jasperreports-chart-themes-6.9.0.jar!/net/sf/jasperreports/chartthemes/spring/beans/chartThemesBeans.xml]
Oct 07, 2019 10:31:38 AM org.springframework.beans.factory.xml.XmlBeanDefinitionReader loadBeanDefinitions
INFO: Loading XML bean definitions from URL [jar:file:/C:/Users/acer/Desktop/layered-pos-2/lib/jasperreports-chart-themes-6.9.0.jar!/net/sf/jasperreports/chartthemes/spring/beans/chartConstantsBean.xml]
Oct 07, 2019 10:31:38 AM org.springframework.beans.factory.xml.XmlBeanDefinitionReader loadBeanDefinitions
INFO: Loading XML bean definitions from URL [jar:file:/C:/Users/acer/Desktop/layered-pos-2/lib/jasperreports-chart-themes-6.9.0.jar!/net/sf/jasperreports/chartthemes/spring/beans/defaultChartPropertiesBean.xml]
Oct 07, 2019 10:31:38 AM org.springframework.beans.factory.xml.XmlBeanDefinitionReader loadBeanDefinitions
INFO: Loading XML bean definitions from URL [jar:file:/C:/Users/acer/Desktop/layered-pos-2/lib/jasperreports-chart-themes-6.9.0.jar!/net/sf/jasperreports/chartthemes/spring/beans/eyeCandySixtiesChartPropertiesBean.xml]
Oct 07, 2019 10:31:38 AM org.springframework.beans.factory.xml.XmlBeanDefinitionReader loadBeanDefinitions
INFO: Loading XML bean definitions from URL [jar:file:/C:/Users/acer/Desktop/layered-pos-2/lib/jasperreports-chart-themes-6.9.0.jar!/net/sf/jasperreports/chartthemes/spring/beans/aegeanChartPropertiesBean.xml]
Oct 07, 2019 10:31:38 AM net.sf.jasperreports.extensions.DefaultExtensionsRegistry loadRegistries
WARNING: Extension resource jar:file:/C:/Users/acer/Desktop/layered-pos-2/lib/jasperreports-javaflow-6.9.0.jar!/jasperreports_extension.properties was found to be a duplicate of jar:file:/C:/Users/acer/Desktop/layered-pos-2/lib/jasperreports-6.9.0.jar!/jasperreports_extension.properties in classloader sun.misc.Launcher$AppClassLoader@14dad5dc
Oct 07, 2019 10:31:38 AM lk.ijse.dep.pos.controller.PlaceOrderFormController btnPlaceOrder_OnAction
SEVERE: null
net.sf.jasperreports.engine.JRException: Byte data not found at: images/orders.png.
	at net.sf.jasperreports.repo.RepositoryUtil.getBytesFromLocation(RepositoryUtil.java:215)
	at net.sf.jasperreports.renderers.util.RendererUtil.getNonLazyRenderable(RendererUtil.java:179)
	at net.sf.jasperreports.engine.fill.JRFillImage.evaluateImage(JRFillImage.java:515)
	at net.sf.jasperreports.engine.fill.JRFillImage.evaluate(JRFillImage.java:440)
	at net.sf.jasperreports.engine.fill.JRFillElementContainer.evaluate(JRFillElementContainer.java:383)
	at net.sf.jasperreports.engine.fill.JRFillBand.evaluate(JRFillBand.java:548)
	at net.sf.jasperreports.engine.fill.JRVerticalFiller.fillTitle(JRVerticalFiller.java:323)
	at net.sf.jasperreports.engine.fill.JRVerticalFiller.fillReportStart(JRVerticalFiller.java:256)
	at net.sf.jasperreports.engine.fill.JRVerticalFiller.fillReport(JRVerticalFiller.java:110)
	at net.sf.jasperreports.engine.fill.JRBaseFiller.fill(JRBaseFiller.java:615)
	at net.sf.jasperreports.engine.fill.BaseReportFiller.fill(BaseReportFiller.java:414)
	at net.sf.jasperreports.engine.fill.JRFiller.fill(JRFiller.java:120)
	at net.sf.jasperreports.engine.fill.JRFiller.fill(JRFiller.java:103)
	at net.sf.jasperreports.engine.JasperFillManager.fill(JasperFillManager.java:530)
	at net.sf.jasperreports.engine.JasperFillManager.fillReport(JasperFillManager.java:954)
	at lk.ijse.dep.pos.controller.PlaceOrderFormController.btnPlaceOrder_OnAction(PlaceOrderFormController.java:347)
	at sun.reflect.NativeMethodAccessorImpl.invoke0(Native Method)
	at sun.reflect.NativeMethodAccessorImpl.invoke(NativeMethodAccessorImpl.java:62)
	at sun.reflect.DelegatingMethodAccessorImpl.invoke(DelegatingMethodAccessorImpl.java:43)
	at java.lang.reflect.Method.invoke(Method.java:497)
	at sun.reflect.misc.Trampoline.invoke(MethodUtil.java:71)
	at sun.reflect.GeneratedMethodAccessor1.invoke(Unknown Source)
	at sun.reflect.DelegatingMethodAccessorImpl.invoke(DelegatingMethodAccessorImpl.java:43)
	at java.lang.reflect.Method.invoke(Method.java:497)
	at sun.reflect.misc.MethodUtil.invoke(MethodUtil.java:275)
	at javafx.fxml.FXMLLoader$MethodHandler.invoke(FXMLLoader.java:1769)
	at javafx.fxml.FXMLLoader$ControllerMethodEventHandler.handle(FXMLLoader.java:1657)
	at com.sun.javafx.event.CompositeEventHandler.dispatchBubblingEvent(CompositeEventHandler.java:86)
	at com.sun.javafx.event.EventHandlerManager.dispatchBubblingEvent(EventHandlerManager.java:238)
	at com.sun.javafx.event.EventHandlerManager.dispatchBubblingEvent(EventHandlerManager.java:191)
	at com.sun.javafx.event.CompositeEventDispatcher.dispatchBubblingEvent(CompositeEventDispatcher.java:59)
	at com.sun.javafx.event.BasicEventDispatcher.dispatchEvent(BasicEventDispatcher.java:58)
	at com.sun.javafx.event.EventDispatchChainImpl.dispatchEvent(EventDispatchChainImpl.java:114)
	at com.sun.javafx.event.BasicEventDispatcher.dispatchEvent(BasicEventDispatcher.java:56)
	at com.sun.javafx.event.EventDispatchChainImpl.dispatchEvent(EventDispatchChainImpl.java:114)
	at com.sun.javafx.event.BasicEventDispatcher.dispatchEvent(BasicEventDispatcher.java:56)
	at com.sun.javafx.event.EventDispatchChainImpl.dispatchEvent(EventDispatchChainImpl.java:114)
	at com.sun.javafx.event.EventUtil.fireEventImpl(EventUtil.java:74)
	at com.sun.javafx.event.EventUtil.fireEvent(EventUtil.java:49)
	at javafx.event.Event.fireEvent(Event.java:198)
	at javafx.scene.Node.fireEvent(Node.java:8411)
	at javafx.scene.control.Button.fire(Button.java:185)
	at com.sun.javafx.scene.control.behavior.ButtonBehavior.mouseReleased(ButtonBehavior.java:182)
	at com.sun.javafx.scene.control.skin.BehaviorSkinBase$1.handle(BehaviorSkinBase.java:96)
	at com.sun.javafx.scene.control.skin.BehaviorSkinBase$1.handle(BehaviorSkinBase.java:89)
	at com.sun.javafx.event.CompositeEventHandler$NormalEventHandlerRecord.handleBubblingEvent(CompositeEventHandler.java:218)
	at com.sun.javafx.event.CompositeEventHandler.dispatchBubblingEvent(CompositeEventHandler.java:80)
	at com.sun.javafx.event.EventHandlerManager.dispatchBubblingEvent(EventHandlerManager.java:238)
	at com.sun.javafx.event.EventHandlerManager.dispatchBubblingEvent(EventHandlerManager.java:191)
	at com.sun.javafx.event.CompositeEventDispatcher.dispatchBubblingEvent(CompositeEventDispatcher.java:59)
	at com.sun.javafx.event.BasicEventDispatcher.dispatchEvent(BasicEventDispatcher.java:58)
	at com.sun.javafx.event.EventDispatchChainImpl.dispatchEvent(EventDispatchChainImpl.java:114)
	at com.sun.javafx.event.BasicEventDispatcher.dispatchEvent(BasicEventDispatcher.java:56)
	at com.sun.javafx.event.EventDispatchChainImpl.dispatchEvent(EventDispatchChainImpl.java:114)
	at com.sun.javafx.event.BasicEventDispatcher.dispatchEvent(BasicEventDispatcher.java:56)
	at com.sun.javafx.event.EventDispatchChainImpl.dispatchEvent(EventDispatchChainImpl.java:114)
	at com.sun.javafx.event.EventUtil.fireEventImpl(EventUtil.java:74)
	at com.sun.javafx.event.EventUtil.fireEvent(EventUtil.java:54)
	at javafx.event.Event.fireEvent(Event.java:198)
	at javafx.scene.Scene$MouseHandler.process(Scene.java:3757)
	at javafx.scene.Scene$MouseHandler.access$1500(Scene.java:3485)
	at javafx.scene.Scene.impl_processMouseEvent(Scene.java:1762)
	at javafx.scene.Scene$ScenePeerListener.mouseEvent(Scene.java:2494)
	at com.sun.javafx.tk.quantum.GlassViewEventHandler$MouseEventNotification.run(GlassViewEventHandler.java:352)
	at com.sun.javafx.tk.quantum.GlassViewEventHandler$MouseEventNotification.run(GlassViewEventHandler.java:275)
	at java.security.AccessController.doPrivileged(Native Method)
	at com.sun.javafx.tk.quantum.GlassViewEventHandler.lambda$handleMouseEvent$354(GlassViewEventHandler.java:388)
	at com.sun.javafx.tk.quantum.QuantumToolkit.runWithoutRenderLock(QuantumToolkit.java:389)
	at com.sun.javafx.tk.quantum.GlassViewEventHandler.handleMouseEvent(GlassViewEventHandler.java:387)
	at com.sun.glass.ui.View.handleMouseEvent(View.java:555)
	at com.sun.glass.ui.View.notifyMouse(View.java:937)
	at com.sun.glass.ui.win.WinApplication._runLoop(Native Method)
	at com.sun.glass.ui.win.WinApplication.lambda$null$148(WinApplication.java:191)
	at java.lang.Thread.run(Thread.java:745)

Oct 07, 2019 10:31:44 AM javafx.fxml.FXMLLoader$ValueElement processValue
WARNING: Loading FXML document with JavaFX API of version 8.0.171 by JavaFX runtime of version 8.0.71
Oct 07, 2019 10:31:46 AM javafx.fxml.FXMLLoader$ValueElement processValue
WARNING: Loading FXML document with JavaFX API of version 8.0.171 by JavaFX runtime of version 8.0.71
Oct 07, 2019 10:31:59 AM javafx.fxml.FXMLLoader$ValueElement processValue
WARNING: Loading FXML document with JavaFX API of version 8.0.171 by JavaFX runtime of version 8.0.71
Oct 07, 2019 10:32:03 AM javafx.fxml.FXMLLoader$ValueElement processValue
WARNING: Loading FXML document with JavaFX API of version 8.0.171 by JavaFX runtime of version 8.0.71
Oct 07, 2019 11:26:54 AM javafx.fxml.FXMLLoader$ValueElement processValue
WARNING: Loading FXML document with JavaFX API of version 8.0.171 by JavaFX runtime of version 8.0.71
Oct 07, 2019 11:26:59 AM javafx.fxml.FXMLLoader$ValueElement processValue
WARNING: Loading FXML document with JavaFX API of version 8.0.171 by JavaFX runtime of version 8.0.71
Oct 07, 2019 11:27:01 AM javafx.fxml.FXMLLoader$ValueElement processValue
WARNING: Loading FXML document with JavaFX API of version 8.0.171 by JavaFX runtime of version 8.0.71
Oct 07, 2019 11:27:03 AM javafx.fxml.FXMLLoader$ValueElement processValue
WARNING: Loading FXML document with JavaFX API of version 8.0.171 by JavaFX runtime of version 8.0.71
Oct 07, 2019 11:27:05 AM javafx.fxml.FXMLLoader$ValueElement processValue
WARNING: Loading FXML document with JavaFX API of version 8.0.171 by JavaFX runtime of version 8.0.71
Oct 07, 2019 11:27:06 AM javafx.fxml.FXMLLoader$ValueElement processValue
WARNING: Loading FXML document with JavaFX API of version 8.0.171 by JavaFX runtime of version 8.0.71
Oct 09, 2019 1:06:26 PM javafx.fxml.FXMLLoader$ValueElement processValue
WARNING: Loading FXML document with JavaFX API of version 8.0.171 by JavaFX runtime of version 8.0.71
Oct 09, 2019 1:06:28 PM javafx.fxml.FXMLLoader$ValueElement processValue
WARNING: Loading FXML document with JavaFX API of version 8.0.171 by JavaFX runtime of version 8.0.71
Oct 28, 2019 4:57:03 PM javafx.fxml.FXMLLoader$ValueElement processValue
WARNING: Loading FXML document with JavaFX API of version 8.0.171 by JavaFX runtime of version 8.0.112
Oct 28, 2019 4:57:15 PM javafx.fxml.FXMLLoader$ValueElement processValue
WARNING: Loading FXML document with JavaFX API of version 8.0.171 by JavaFX runtime of version 8.0.112
Nov 06, 2019 11:11:17 AM javafx.fxml.FXMLLoader$ValueElement processValue
WARNING: Loading FXML document with JavaFX API of version 8.0.171 by JavaFX runtime of version 8.0.112
Nov 06, 2019 11:11:20 AM javafx.fxml.FXMLLoader$ValueElement processValue
WARNING: Loading FXML document with JavaFX API of version 8.0.171 by JavaFX runtime of version 8.0.112
Nov 06, 2019 11:11:23 AM javafx.fxml.FXMLLoader$ValueElement processValue
WARNING: Loading FXML document with JavaFX API of version 8.0.171 by JavaFX runtime of version 8.0.112
Nov 06, 2019 11:11:25 AM javafx.fxml.FXMLLoader$ValueElement processValue
WARNING: Loading FXML document with JavaFX API of version 8.0.171 by JavaFX runtime of version 8.0.112
Nov 06, 2019 11:11:27 AM javafx.fxml.FXMLLoader$ValueElement processValue
WARNING: Loading FXML document with JavaFX API of version 8.0.171 by JavaFX runtime of version 8.0.112
Nov 06, 2019 11:11:28 AM javafx.fxml.FXMLLoader$ValueElement processValue
WARNING: Loading FXML document with JavaFX API of version 8.0.171 by JavaFX runtime of version 8.0.112
Nov 06, 2019 11:11:30 AM javafx.fxml.FXMLLoader$ValueElement processValue
WARNING: Loading FXML document with JavaFX API of version 8.0.171 by JavaFX runtime of version 8.0.112
Nov 06, 2019 11:11:32 AM javafx.fxml.FXMLLoader$ValueElement processValue
WARNING: Loading FXML document with JavaFX API of version 8.0.171 by JavaFX runtime of version 8.0.112
